[2025-10-10 14:38:55.846] [info] Using configuration file /home/pakin/.config/waybar/config.jsonc
[2025-10-10 14:38:55.847] [info] Using CSS file /home/pakin/.config/waybar/style.css
[2025-10-10 14:38:55.850] [warning] 'swap-icon-label' must be a bool.
[2025-10-10 14:38:55.850] [info] Hyprland IPC starting
[2025-10-10 14:38:55.851] [info] Loading persistent workspaces from Waybar config
[2025-10-10 14:38:55.852] [info] Loading persistent workspaces from Hyprland workspace rules
[2025-10-10 14:38:55.852] [error] media stopped unexpectedly, is it endless?
[2025-10-10 14:38:55.852] [warning] module backlight: Disabling module "backlight", No backlight found
[2025-10-10 14:38:55.858] [warning] No batteries.
[2025-10-10 14:38:55.858] [warning] No battery named BAT2
[2025-10-10 14:38:55.872] [warning] Requested height: 24 is less than the minimum height: 44 required by the modules
[2025-10-10 14:38:55.872] [info] Bar configured (width: 1920, height: 44) for output: DP-3
[2025-10-10 14:40:27.356] [info] Using configuration file /home/pakin/.config/waybar/config.jsonc
[2025-10-10 14:40:27.357] [info] Using CSS file /home/pakin/.config/waybar/style.css
[2025-10-10 14:40:27.360] [info] Hyprland IPC starting
[2025-10-10 14:40:27.360] [info] Loading persistent workspaces from Waybar config
[2025-10-10 14:40:27.360] [info] Loading persistent workspaces from Hyprland workspace rules
[2025-10-10 14:40:27.361] [warning] module backlight: Disabling module "backlight", No backlight found
[2025-10-10 14:40:27.367] [warning] No batteries.
[2025-10-10 14:40:27.367] [warning] No battery named BAT2
[2025-10-10 14:40:27.380] [warning] Requested height: 24 is less than the minimum height: 44 required by the modules
[2025-10-10 14:40:27.380] [info] Bar configured (width: 1920, height: 44) for output: DP-3
[2025-10-10 14:48:38.173] [info] Hyprland config reloaded, reinitializing hyprland/workspaces module...
[2025-10-10 14:48:38.175] [info] Loading persistent workspaces from Waybar config
[2025-10-10 14:48:38.175] [info] Loading persistent workspaces from Hyprland workspace rules
[2025-10-10 14:49:20.291] [info] Hyprland config reloaded, reinitializing hyprland/workspaces module...
[2025-10-10 14:49:20.299] [info] Loading persistent workspaces from Waybar config
[2025-10-10 14:49:20.299] [info] Loading persistent workspaces from Hyprland workspace rules
[2025-10-10 14:49:44.958] [info] Hyprland config reloaded, reinitializing hyprland/workspaces module...
[2025-10-10 14:49:44.969] [info] Loading persistent workspaces from Waybar config
[2025-10-10 14:49:44.970] [info] Loading persistent workspaces from Hyprland workspace rules
[2025-10-10 14:53:38.809] [info] Hyprland config reloaded, reinitializing hyprland/workspaces module...
[2025-10-10 14:53:38.818] [info] Loading persistent workspaces from Waybar config
[2025-10-10 14:53:38.818] [info] Loading persistent workspaces from Hyprland workspace rules
[2025-10-10 14:55:11.776] [info] Hyprland config reloaded, reinitializing hyprland/workspaces module...
[2025-10-10 14:55:11.785] [info] Loading persistent workspaces from Waybar config
[2025-10-10 14:55:11.785] [info] Loading persistent workspaces from Hyprland workspace rules
[2025-10-10 14:55:29.700] [info] Hyprland config reloaded, reinitializing hyprland/workspaces module...
[2025-10-10 14:55:29.710] [info] Loading persistent workspaces from Waybar config
[2025-10-10 14:55:29.710] [info] Loading persistent workspaces from Hyprland workspace rules
[2025-10-10 14:55:34.283] [info] Hyprland config reloaded, reinitializing hyprland/workspaces module...
[2025-10-10 14:55:34.286] [info] Loading persistent workspaces from Waybar config
[2025-10-10 14:55:34.286] [info] Loading persistent workspaces from Hyprland workspace rules
[2025-10-10 14:56:30.930] [info] Hyprland config reloaded, reinitializing hyprland/workspaces module...
[2025-10-10 14:56:30.939] [info] Loading persistent workspaces from Waybar config
[2025-10-10 14:56:30.940] [info] Loading persistent workspaces from Hyprland workspace rules
[2025-10-10 14:57:25.383] [info] Hyprland config reloaded, reinitializing hyprland/workspaces module...
[2025-10-10 14:57:25.385] [info] Loading persistent workspaces from Waybar config
[2025-10-10 14:57:25.386] [info] Loading persistent workspaces from Hyprland workspace rules
[2025-10-10 15:01:15.374] [info] Hyprland config reloaded, reinitializing hyprland/workspaces module...
[2025-10-10 15:01:15.376] [info] Loading persistent workspaces from Waybar config
[2025-10-10 15:01:15.376] [info] Loading persistent workspaces from Hyprland workspace rules
[2025-10-10 15:01:50.907] [info] Hyprland config reloaded, reinitializing hyprland/workspaces module...
[2025-10-10 15:01:50.914] [info] Loading persistent workspaces from Waybar config
[2025-10-10 15:01:50.914] [info] Loading persistent workspaces from Hyprland workspace rules
[2025-10-10 15:02:30.051] [info] Hyprland config reloaded, reinitializing hyprland/workspaces module...
[2025-10-10 15:02:30.052] [info] Loading persistent workspaces from Waybar config
[2025-10-10 15:02:30.052] [info] Loading persistent workspaces from Hyprland workspace rules
[2025-10-10 15:02:50.294] [info] Hyprland config reloaded, reinitializing hyprland/workspaces module...
[2025-10-10 15:02:50.295] [info] Loading persistent workspaces from Waybar config
[2025-10-10 15:02:50.295] [info] Loading persistent workspaces from Hyprland workspace rules
[2025-10-10 15:02:59.203] [info] Hyprland config reloaded, reinitializing hyprland/workspaces module...
[2025-10-10 15:02:59.210] [info] Loading persistent workspaces from Waybar config
[2025-10-10 15:02:59.211] [info] Loading persistent workspaces from Hyprland workspace rules
[2025-10-10 15:03:10.937] [info] Hyprland config reloaded, reinitializing hyprland/workspaces module...
[2025-10-10 15:03:10.945] [info] Loading persistent workspaces from Waybar config
[2025-10-10 15:03:10.945] [info] Loading persistent workspaces from Hyprland workspace rules
[2025-10-10 15:29:04.999] [info] Using configuration file /home/pakin/.config/waybar/config.jsonc
[2025-10-10 15:29:05.000] [info] Using CSS file /home/pakin/.config/waybar/style.css
[2025-10-10 15:29:05.003] [info] Hyprland IPC starting
[2025-10-10 15:29:05.003] [info] Loading persistent workspaces from Waybar config
[2025-10-10 15:29:05.003] [info] Loading persistent workspaces from Hyprland workspace rules
[2025-10-10 15:29:05.004] [warning] module backlight: Disabling module "backlight", No backlight found
[2025-10-10 15:29:05.010] [warning] No batteries.
[2025-10-10 15:29:05.010] [warning] No battery named BAT2
[2025-10-10 15:29:05.023] [warning] Requested height: 24 is less than the minimum height: 44 required by the modules
[2025-10-10 15:29:05.023] [info] Bar configured (width: 1920, height: 44) for output: DP-3
[2025-10-10 15:29:05.023] [error] Item '': No icon name or pixmap given.

(waybar:21600): Gtk-WARNING **: 15:29:05.023: Theme directory scalable/emotes of theme Cosmic has no size field


(waybar:21600): Gtk-WARNING **: 15:29:05.023: Theme directory scalable/legacy of theme Cosmic has no size field


(waybar:21600): Gtk-WARNING **: 15:29:05.023: Theme directory scalable/ui of theme Cosmic has no size field


(waybar:21600): Gtk-WARNING **: 15:29:05.023: Theme directory scalable-up-to-32/status of theme Cosmic has no size field

